[[32m  OK  [0m] Mounted Configuration File System.
[[32m  OK  [0m] Started Show Plymouth Boot Screen.
[[32m  OK  [0m] Reached target Paths.
[[32m  OK  [0m] Reached target Basic System.
[[32m  OK  [0m] Found device /dev/disk/by-uuid/6634633e-001d-43ba-8fab-202f1df93339.
         Starting File System Check on /dev/disk/by-uuid/6634...202f1df93339...
[[32m  OK  [0m] Started dracut initqueue hook.
systemd-fsck[260]: /dev/xvda1: clean, 75634/1310720 files, 506969/5242624 blocks
[[32m  OK  [0m] Started File System Check on /dev/disk/by-uuid/66346...b-202f1df93339.
         Mounting /sysroot...
[[32m  OK  [0m] Mounted /sysroot.
[[32m  OK  [0m] Reached target Initrd Root File System.
         Starting Reload Configuration from the Real Root...
[[32m  OK  [0m] Started Reload Configuration from the Real Root.
[[32m  OK  [0m] Reached target Initrd File Systems.
[[32m  OK  [0m] Reached target Initrd Default Target.

Welcome to [0;31mCentOS Linux 7 (Core)[0m!

[[32m  OK  [0m] Stopped Switch Root.
[[32m  OK  [0m] Stopped target Switch Root.
[[32m  OK  [0m] Stopped target Initrd File Systems.
         Stopping File System Check on /dev/disk/by-uuid/6634...202f1df93339...
[[32m  OK  [0m] Stopped File System Check on /dev/disk/by-uuid/66346...b-202f1df93339.
[[32m  OK  [0m] Stopped target Initrd Root File System.
[[32m  OK  [0m] Created slice system-getty.slice.
[[32m  OK  [0m] Created slice User and Session Slice.
[[32m  OK  [0m] Reached target Slices.
[[32m  OK  [0m] Listening on Delayed Shutdown Socket.
[[32m  OK  [0m] Listening on /dev/initctl Compatibility Named Pipe.
         Mounting Huge Pages File System...
         Starting Apply Kernel Variables...
         Mounting POSIX Message Queue File System...
         Mounting Debug File System...
[[32m  OK  [0m] Set up automount Arbitrary Executable File Formats F...utomount Point.
         Starting Create list of required static device nodes...rrent kernel...
[[32m  OK  [0m] Listening on LVM2 metadata daemon socket.
[[32m  OK  [0m] Listening on Device-mapper event daemon FIFOs.
         Starting Monitoring of LVM2 mirrors, snapshots etc. ...ress polling...
[[32m  OK  [0m] Listening on udev Kernel Socket.
[[32m  OK  [0m] Listening on udev Control Socket.
         Starting udev Coldplug all Devices...
[[32m  OK  [0m] Reached target Swap.
         Starting File System Check on Root Device...
[[32m  OK  [0m] Started Apply Kernel Variables.
[[32m  OK  [0m] Stopped Trigger Flushing of Journal to Persistent Storage.
         Stopping Journal Service...
[[32m  OK  [0m] Stopped Journal Service.
         Starting Journal Service...
[[32m  OK  [0m] Started Journal Service.
[[32m  OK  [0m] Mounted Huge Pages File System.
[[32m  OK  [0m] Mounted POSIX Message Queue File System.
[[32m  OK  [0m] Mounted Debug File System.
[[32m  OK  [0m] Started udev Coldplug all Devices.
[[32m  OK  [0m] Started Create list of required static device nodes ...current kernel.
         Starting Create static device nodes in /dev...
         Starting udev Wait for Complete Device Initialization...
         Starting LVM2 metadata daemon...
[[32m  OK  [0m] Started LVM2 metadata daemon.
[[32m  OK  [0m] Started Create static device nodes in /dev.
         Starting udev Kernel Device Manager...
[[32m  OK  [0m] Started Monitoring of LVM2 mirrors, snapshots etc. u...ogress polling.
[[32m  OK  [0m] Started udev Kernel Device Manager.
systemd-fsck[341]: /dev/xvda1: clean, 75634/1310720 files, 506969/5242624 blocks
[[32m  OK  [0m] Started File System Check on Root Device.
         Starting Remount Root and Kernel File Systems...
[[32m  OK  [0m] Started Remount Root and Kernel File Systems.
         Starting Configure read-only root support...
         Starting Import network configuration from initramfs...
[[32m  OK  [0m] Reached target Local File Systems (Pre).
         Starting Load/Save Random Seed...
[[32m  OK  [0m] Started Load/Save Random Seed.
[[32m  OK  [0m] Started Import network configuration from initramfs.
[[32m  OK  [0m] Started udev Wait for Complete Device Initialization.
         Starting Activation of DM RAID sets...
[[32m  OK  [0m] Started Configure read-only root support.
[[32m  OK  [0m] Started Activation of DM RAID sets.
[[32m  OK  [0m] Reached target Local File Systems.
         Starting Tell Plymouth To Write Out Runtime Data...
         Starting Trigger Flushing of Journal to Persistent Storage...
         Starting Create Volatile Files and Directories...
[[32m  OK  [0m] Reached target Encrypted Volumes.
[[32m  OK  [0m] Started Trigger Flushing of Journal to Persistent Storage.
[[32m  OK  [0m] Started Create Volatile Files and Directories.
         Starting Update UTMP about System Reboot/Shutdown...
[[32m  OK  [0m] Started Update UTMP about System Reboot/Shutdown.
[[32m  OK  [0m] Started Tell Plymouth To Write Out Runtime Data.
[[32m  OK  [0m] Reached target System Initialization.
[[32m  OK  [0m] Reached target Timers.
[[32m  OK  [0m] Reached target Paths.
[[32m  OK  [0m] Listening on Name Service Cache Daemon Socket.
[[32m  OK  [0m] Listening on CUPS Printing Service Sockets.
[[32m  OK  [0m] Listening on D-Bus System Message Bus Socket.
[[32m  OK  [0m] Reached target Sockets.
[[32m  OK  [0m] Reached target Basic System.
         Starting SYSV: update time...
         Starting Dump dmesg to /var/log/dmesg...
         Starting Permit User Sessions...
         Starting Resets System Activity Logs...
         Starting Name Service Cache Daemon...
         Starting System Logging Service...
         Starting Network Time Service...
         Starting Login Service...
         Starting D-Bus System Message Bus...
[[32m  OK  [0m] Started D-Bus System Message Bus.
[[32m  OK  [0m] Started Permit User Sessions.
         Starting Command Scheduler...
[[32m  OK  [0m] Started Command Scheduler.
         Starting Terminate Plymouth Boot Screen...
         Starting Wait for Plymouth Boot Screen to Quit...
